e:\code\bit courses\c_code\study_2023-03-30\study_2023-03-30\x64\debug\vc143.pdb
e:\code\bit courses\c_code\study_2023-03-30\study_2023-03-30\x64\debug\vc143.idb
e:\code\bit courses\c_code\study_2023-03-30\study_2023-03-30\x64\debug\test-9-扫雷.obj
e:\code\bit courses\c_code\study_2023-03-30\study_2023-03-30\x64\debug\test-8-三、五子棋.obj
e:\code\bit courses\c_code\study_2023-03-30\study_2023-03-30\x64\debug\test-7-数组定义、创建、传参、冒泡排序.obj
e:\code\bit courses\c_code\study_2023-03-30\study_2023-03-30\x64\debug\test-6-函数（库函数、自定义函数）-实参、形参-二分查找一个数-链式访问、嵌套调用-递归、迭代.obj
e:\code\bit courses\c_code\study_2023-03-30\study_2023-03-30\x64\debug\test-5-分支语句（if、switch、while、for及变种、do...while、goto）.obj
e:\code\bit courses\c_code\study_2023-03-30\study_2023-03-30\x64\debug\test-4-define-指针-结构体.obj
e:\code\bit courses\c_code\study_2023-03-30\study_2023-03-30\x64\debug\test-3-选择语句-循环语句-创建函数-数组-操作符（算数、位移、单目、关系操作符、条件操作符、常见关键字、typedef、static静态的）.obj
e:\code\bit courses\c_code\study_2023-03-30\study_2023-03-30\x64\debug\test-2-数组里找最大值、求和-刷题-指针-作用域-生命周期-跨文件声明-常量、常变量-字符串-转义字符-注释.obj
e:\code\bit courses\c_code\study_2023-03-30\study_2023-03-30\x64\debug\test-13-实用调试技巧.obj
e:\code\bit courses\c_code\study_2023-03-30\study_2023-03-30\x64\debug\test-12-结构体初阶.obj
e:\code\bit courses\c_code\study_2023-03-30\study_2023-03-30\x64\debug\test-11-指针初阶.obj
e:\code\bit courses\c_code\study_2023-03-30\study_2023-03-30\x64\debug\test-10-操作符详解.obj
e:\code\bit courses\c_code\study_2023-03-30\study_2023-03-30\x64\debug\test-1-主函数-数据类型及大小-scanf函数.obj
e:\code\bit courses\c_code\study_2023-03-30\study_2023-03-30\x64\debug\test-10.obj
e:\code\bit courses\c_code\study_2023-03-30\study_2023-03-30\x64\debug\test-7-数组.obj
e:\code\bit courses\c_code\study_2023-03-30\study_2023-03-30\x64\debug\test-8-三子棋.obj
e:\code\bit courses\c_code\study_2023-03-30\study_2023-03-30\x64\debug\test-11-指针初阶.obj.enc
e:\code\bit courses\c_code\study_2023-03-30\study_2023-03-30\x64\debug\test-7-数组.obj.enc
e:\code\bit courses\c_code\study_2023-03-30\study_2023-03-30\x64\debug\study_20230330.ilk
e:\code\bit courses\c_code\study_2023-03-30\x64\debug\study_beginning_c_20230330.pdb
e:\code\bit courses\c_code\study_2023-03-30\study_2023-03-30\x64\debug\study_be.4f6f2fea.tlog\cl.command.1.tlog
e:\code\bit courses\c_code\study_2023-03-30\study_2023-03-30\x64\debug\study_be.4f6f2fea.tlog\cl.items.tlog
e:\code\bit courses\c_code\study_2023-03-30\study_2023-03-30\x64\debug\study_be.4f6f2fea.tlog\cl.read.1.tlog
e:\code\bit courses\c_code\study_2023-03-30\study_2023-03-30\x64\debug\study_be.4f6f2fea.tlog\cl.write.1.tlog
e:\code\bit courses\c_code\study_2023-03-30\study_2023-03-30\x64\debug\study_be.4f6f2fea.tlog\link-cvtres.read.1.tlog
e:\code\bit courses\c_code\study_2023-03-30\study_2023-03-30\x64\debug\study_be.4f6f2fea.tlog\link-cvtres.write.1.tlog
e:\code\bit courses\c_code\study_2023-03-30\study_2023-03-30\x64\debug\study_be.4f6f2fea.tlog\link-rc.read.1.tlog
e:\code\bit courses\c_code\study_2023-03-30\study_2023-03-30\x64\debug\study_be.4f6f2fea.tlog\link-rc.write.1.tlog
e:\code\bit courses\c_code\study_2023-03-30\study_2023-03-30\x64\debug\study_be.4f6f2fea.tlog\link.5844-cvtres.read.1.tlog
e:\code\bit courses\c_code\study_2023-03-30\study_2023-03-30\x64\debug\study_be.4f6f2fea.tlog\link.5844-cvtres.write.1.tlog
e:\code\bit courses\c_code\study_2023-03-30\study_2023-03-30\x64\debug\study_be.4f6f2fea.tlog\link.5844-rc.read.1.tlog
e:\code\bit courses\c_code\study_2023-03-30\study_2023-03-30\x64\debug\study_be.4f6f2fea.tlog\link.5844-rc.write.1.tlog
e:\code\bit courses\c_code\study_2023-03-30\study_2023-03-30\x64\debug\study_be.4f6f2fea.tlog\link.5844.read.1.tlog
e:\code\bit courses\c_code\study_2023-03-30\study_2023-03-30\x64\debug\study_be.4f6f2fea.tlog\link.5844.read.2.tlog
e:\code\bit courses\c_code\study_2023-03-30\study_2023-03-30\x64\debug\study_be.4f6f2fea.tlog\link.5844.read.3.tlog
e:\code\bit courses\c_code\study_2023-03-30\study_2023-03-30\x64\debug\study_be.4f6f2fea.tlog\link.5844.read.4.tlog
e:\code\bit courses\c_code\study_2023-03-30\study_2023-03-30\x64\debug\study_be.4f6f2fea.tlog\link.5844.write.1.tlog
e:\code\bit courses\c_code\study_2023-03-30\study_2023-03-30\x64\debug\study_be.4f6f2fea.tlog\link.command.1.tlog
e:\code\bit courses\c_code\study_2023-03-30\study_2023-03-30\x64\debug\study_be.4f6f2fea.tlog\link.read.1.tlog
e:\code\bit courses\c_code\study_2023-03-30\study_2023-03-30\x64\debug\study_be.4f6f2fea.tlog\link.read.2.tlog
e:\code\bit courses\c_code\study_2023-03-30\study_2023-03-30\x64\debug\study_be.4f6f2fea.tlog\link.read.3.tlog
e:\code\bit courses\c_code\study_2023-03-30\study_2023-03-30\x64\debug\study_be.4f6f2fea.tlog\link.read.5.tlog
e:\code\bit courses\c_code\study_2023-03-30\study_2023-03-30\x64\debug\study_be.4f6f2fea.tlog\link.write.1.tlog
